INFO[packages.py:read:226]:{Packages_Read_Successful:  {'result': True, 'data': [['Package1', '1_Day', [2], ['Package_test'], 2, '["Empty Stomach"]', 300.0, 150.0, ['834001', '834002'], ['Heart'], ['Heart Failures'], 1, 1, 1]]}}
INFO[pincodes.py:read:93]:{Pincode_Read_Listed_Successful: {'result': True, 'data': [0]}
WARNING[pincodes.py:create:234]:{Pincode_Already_Present: {"pincode":834001, "status":0}}
INFO[pincodes.py:read:93]:{Pincode_Read_Listed_Successful: {'result': True, 'data': [0]}
WARNING[pincodes.py:create:234]:{Pincode_Already_Present: {"pincode":834002, "status":0}}
WARNING[conditions.py:create:225]:{Condition_Already_Present: {"condition":Heart Failures, "listed":0}}
INFO[organs.py:read:156]:{Organs_Read_Organ_Successful: {"organ":Heart, "listed":None}}
WARNING[organs.py:create:233]:{Organ_Already_Present: {"organ":Heart, "listed":0}}
INFO[packages.py:update:116]:{Packages_Update_Successful:  {'result': True, 'data': {...}}}
INFO[packages.py:read:226]:{Packages_Read_Successful:  {'result': True, 'data': [['Package_1', '1_Day', [2], ['Package_test'], 1, '["Empty Stomach"]', 300.0, 150.0, ['834001', '834002'], ['Heart'], ['Heart Failures'], 1, 1, 1]]}}
INFO[pincodes.py:read:93]:{Pincode_Read_Listed_Successful: {'result': True, 'data': [0]}
WARNING[pincodes.py:create:234]:{Pincode_Already_Present: {"pincode":834001, "status":0}}
INFO[pincodes.py:read:93]:{Pincode_Read_Listed_Successful: {'result': True, 'data': [0]}
WARNING[pincodes.py:create:234]:{Pincode_Already_Present: {"pincode":834002, "status":0}}
WARNING[conditions.py:create:225]:{Condition_Already_Present: {"condition":Heart Failures, "listed":0}}
INFO[organs.py:read:156]:{Organs_Read_Organ_Successful: {"organ":Heart, "listed":None}}
WARNING[organs.py:create:233]:{Organ_Already_Present: {"organ":Heart, "listed":0}}
INFO[packages.py:update:116]:{Packages_Update_Successful:  {'result': True, 'data': 'Successful'}}
INFO[packages.py:read:252]:{Packages_Read_Successful:  {'result': True, 'data': [['Package_1', '1_Day', [2], ['Package_test'], 1, '["Empty Stomach"]', 300.0, 150.0, ['834001', '834002'], ['Heart'], ['Heart Failures'], 1, 1, 1]]}}
INFO[packages.py:delete:36]:{Packages_Delete_Successful:{id:1}}
