ERROR[db.py:__init__:24]:loggingError -> 1045 (28000): Access denied for user 'shivam'@'localhost' (using password: YES)
ERROR[db.py:__init__:24]:loggingError -> 1045 (28000): Access denied for user 'shivam'@'localhost' (using password: YES)
ERROR[db.py:__init__:24]:loggingError -> 1045 (28000): Access denied for user 'shivam'@'localhost' (using password: YES)
ERROR[db.py:__init__:24]:loggingError -> 1045 (28000): Access denied for user 'shivam'@'localhost' (using password: YES)
ERROR[cultures.py:read:233]:{Cultures_Function_Error_101:  {name:K.F.T, deliveryTime:None, components:[], assoicatedNames:[], numberOfParameters:None, preTest:None, price:None, discountPrice:None, pincodesAvailable:['834001'], organs:[], conditions:[], listed:None, homePage:None}}
ERROR[db.py:__init__:24]:loggingError -> 1045 (28000): Access denied for user 'shivam'@'localhost' (using password: YES)
ERROR[db.py:__init__:24]:loggingError -> 1045 (28000): Access denied for user 'shivam'@'localhost' (using password: YES)
ERROR[db.py:__init__:24]:loggingError -> 1045 (28000): Access denied for user 'shivam'@'localhost' (using password: YES)
ERROR[db.py:__init__:24]:loggingError -> 1045 (28000): Access denied for user 'shivam'@'localhost' (using password: YES)
ERROR[cultures.py:read:236]:{Cultures_Function_Error_101:  {name:K.F.T, deliveryTime:None, components:[], assoicatedNames:[], numberOfParameters:None, preTest:None, price:None, discountPrice:None, pincodesAvailable:['834001'], organs:[], conditions:[], listed:None, homePage:None}}
ERROR[db.py:__init__:24]:loggingError -> 1045 (28000): Access denied for user 'shivam'@'localhost' (using password: YES)
ERROR[db.py:__init__:24]:loggingError -> 1045 (28000): Access denied for user 'shivam'@'localhost' (using password: YES)
ERROR[db.py:__init__:24]:loggingError -> 1045 (28000): Access denied for user 'shivam'@'localhost' (using password: YES)
ERROR[db.py:__init__:24]:loggingError -> 1045 (28000): Access denied for user 'shivam'@'localhost' (using password: YES)
ERROR[cultures.py:read:236]:{Cultures_Function_Error_101:  {name:K.F.T, deliveryTime:None, components:[], assoicatedNames:[], numberOfParameters:None, preTest:None, price:None, discountPrice:None, pincodesAvailable:['834001'], organs:[], conditions:[], listed:None, homePage:None}}
ERROR[db.py:__init__:24]:loggingError -> 1045 (28000): Access denied for user 'shivam'@'localhost' (using password: YES)
ERROR[db.py:__init__:24]:loggingError -> 1045 (28000): Access denied for user 'shivam'@'localhost' (using password: YES)
ERROR[db.py:__init__:24]:loggingError -> 1045 (28000): Access denied for user 'shivam'@'localhost' (using password: YES)
ERROR[db.py:__init__:24]:loggingError -> 1045 (28000): Access denied for user 'shivam'@'localhost' (using password: YES)
ERROR[cultures.py:read:239]:{Cultures_Function_Error_101:  {name:K.F.T, deliveryTime:None, components:[], assoicatedNames:[], numberOfParameters:None, preTest:None, price:None, discountPrice:None, pincodesAvailable:['834001'], organs:[], conditions:[], listed:None, homePage:None}}
ERROR[db.py:__init__:24]:loggingError -> 1045 (28000): Access denied for user 'shivam'@'localhost' (using password: YES)
ERROR[db.py:__init__:24]:loggingError -> 1045 (28000): Access denied for user 'shivam'@'localhost' (using password: YES)
ERROR[db.py:__init__:24]:loggingError -> 1045 (28000): Access denied for user 'shivam'@'localhost' (using password: YES)
ERROR[db.py:__init__:24]:loggingError -> 1045 (28000): Access denied for user 'shivam'@'localhost' (using password: YES)
ERROR[cultures.py:read:241]:{Cultures_Function_Error_101:  {name:K.F.T, deliveryTime:None, components:[], assoicatedNames:[], numberOfParameters:None, preTest:None, price:None, discountPrice:None, pincodesAvailable:['834001'], organs:[], conditions:[], listed:None, homePage:None}}
ERROR[db.py:__init__:24]:loggingError -> 1045 (28000): Access denied for user 'shivam'@'localhost' (using password: YES)
ERROR[db.py:__init__:24]:loggingError -> 1045 (28000): Access denied for user 'shivam'@'localhost' (using password: YES)
ERROR[db.py:__init__:24]:loggingError -> 1045 (28000): Access denied for user 'shivam'@'localhost' (using password: YES)
ERROR[db.py:__init__:24]:loggingError -> 1045 (28000): Access denied for user 'shivam'@'localhost' (using password: YES)
ERROR[cultures.py:read:241]:{Cultures_Function_Error_101:  {name:K.F.T, deliveryTime:None, components:[], assoicatedNames:[], numberOfParameters:None, preTest:None, price:None, discountPrice:None, pincodesAvailable:['834001'], organs:[], conditions:[], listed:None, homePage:None}}
ERROR[db.py:__init__:24]:loggingError -> 1045 (28000): Access denied for user 'shivam'@'localhost' (using password: YES)
ERROR[db.py:__init__:24]:loggingError -> 1045 (28000): Access denied for user 'shivam'@'localhost' (using password: YES)
ERROR[db.py:__init__:24]:loggingError -> 1045 (28000): Access denied for user 'shivam'@'localhost' (using password: YES)
ERROR[db.py:__init__:24]:loggingError -> 1045 (28000): Access denied for user 'shivam'@'localhost' (using password: YES)
ERROR[cultures.py:read:241]:{Cultures_Function_Error_101:  {name:K.F.T, deliveryTime:None, components:[], assoicatedNames:[], numberOfParameters:None, preTest:None, price:None, discountPrice:None, pincodesAvailable:['834001'], organs:[], conditions:[], listed:None, homePage:None}}
ERROR[db.py:__init__:24]:loggingError -> 1045 (28000): Access denied for user 'shivam'@'localhost' (using password: YES)
ERROR[db.py:__init__:24]:loggingError -> 1045 (28000): Access denied for user 'shivam'@'localhost' (using password: YES)
ERROR[db.py:__init__:24]:loggingError -> 1045 (28000): Access denied for user 'shivam'@'localhost' (using password: YES)
ERROR[db.py:__init__:24]:loggingError -> 1045 (28000): Access denied for user 'shivam'@'localhost' (using password: YES)
ERROR[cultures.py:read:241]:{Cultures_Function_Error_101:  {name:K.F.T, deliveryTime:None, components:[], assoicatedNames:[], numberOfParameters:None, preTest:None, price:None, discountPrice:None, pincodesAvailable:['834001'], organs:[], conditions:[], listed:None, homePage:None}}
ERROR[db.py:__init__:24]:loggingError -> 1045 (28000): Access denied for user 'shivam'@'localhost' (using password: YES)
ERROR[db.py:__init__:24]:loggingError -> 1045 (28000): Access denied for user 'shivam'@'localhost' (using password: YES)
ERROR[db.py:__init__:24]:loggingError -> 1045 (28000): Access denied for user 'shivam'@'localhost' (using password: YES)
ERROR[db.py:__init__:24]:loggingError -> 1045 (28000): Access denied for user 'shivam'@'localhost' (using password: YES)
ERROR[cultures.py:read:241]:{Cultures_Function_Error_101:  {name:K.F.T, deliveryTime:None, components:[], assoicatedNames:[], numberOfParameters:None, preTest:None, price:None, discountPrice:None, pincodesAvailable:['834001'], organs:[], conditions:[], listed:None, homePage:None}}
ERROR[db.py:__init__:24]:loggingError -> 1045 (28000): Access denied for user 'shivam'@'localhost' (using password: YES)
ERROR[db.py:__init__:24]:loggingError -> 1045 (28000): Access denied for user 'shivam'@'localhost' (using password: YES)
ERROR[db.py:__init__:24]:loggingError -> 1045 (28000): Access denied for user 'shivam'@'localhost' (using password: YES)
ERROR[db.py:__init__:24]:loggingError -> 1045 (28000): Access denied for user 'shivam'@'localhost' (using password: YES)
ERROR[cultures.py:read:241]:{Cultures_Function_Error_101:  {name:K.F.T, deliveryTime:None, components:[], assoicatedNames:[], numberOfParameters:None, preTest:None, price:None, discountPrice:None, pincodesAvailable:['834001'], organs:[], conditions:[], listed:None, homePage:None}}
ERROR[db.py:__init__:24]:loggingError -> 1045 (28000): Access denied for user 'shivam'@'localhost' (using password: YES)
ERROR[db.py:__init__:24]:loggingError -> 1045 (28000): Access denied for user 'shivam'@'localhost' (using password: YES)
ERROR[db.py:__init__:24]:loggingError -> 1045 (28000): Access denied for user 'shivam'@'localhost' (using password: YES)
ERROR[db.py:__init__:24]:loggingError -> 1045 (28000): Access denied for user 'shivam'@'localhost' (using password: YES)
ERROR[cultures.py:read:241]:{Cultures_Function_Error_101:  {name:K.F.T, deliveryTime:None, components:[], assoicatedNames:[], numberOfParameters:None, preTest:None, price:None, discountPrice:None, pincodesAvailable:['834001'], organs:[], conditions:[], listed:None, homePage:None}}
ERROR[db.py:__init__:24]:loggingError -> 1045 (28000): Access denied for user 'shivam'@'localhost' (using password: YES)
ERROR[db.py:__init__:24]:loggingError -> 1045 (28000): Access denied for user 'shivam'@'localhost' (using password: YES)
ERROR[db.py:__init__:24]:loggingError -> 1045 (28000): Access denied for user 'shivam'@'localhost' (using password: YES)
ERROR[db.py:__init__:24]:loggingError -> 1045 (28000): Access denied for user 'shivam'@'localhost' (using password: YES)
ERROR[cultures.py:read:241]:{Cultures_Function_Error_101:  {name:K.F.T, deliveryTime:None, components:[], assoicatedNames:[], numberOfParameters:None, preTest:None, price:None, discountPrice:None, pincodesAvailable:['834001'], organs:[], conditions:[], listed:None, homePage:None}}
ERROR[db.py:__init__:24]:loggingError -> 1045 (28000): Access denied for user 'shivam'@'localhost' (using password: YES)
ERROR[db.py:__init__:24]:loggingError -> 1045 (28000): Access denied for user 'shivam'@'localhost' (using password: YES)
ERROR[db.py:__init__:24]:loggingError -> 1045 (28000): Access denied for user 'shivam'@'localhost' (using password: YES)
ERROR[db.py:__init__:24]:loggingError -> 1045 (28000): Access denied for user 'shivam'@'localhost' (using password: YES)
ERROR[cultures.py:read:241]:{Cultures_Function_Error_101:  {name:K.F.T, deliveryTime:None, components:[], assoicatedNames:[], numberOfParameters:None, preTest:None, price:None, discountPrice:None, pincodesAvailable:['834001'], organs:[], conditions:[], listed:None, homePage:None}}
ERROR[db.py:__init__:24]:loggingError -> 1045 (28000): Access denied for user 'shivam'@'localhost' (using password: YES)
ERROR[db.py:__init__:24]:loggingError -> 1045 (28000): Access denied for user 'shivam'@'localhost' (using password: YES)
ERROR[db.py:__init__:24]:loggingError -> 1045 (28000): Access denied for user 'shivam'@'localhost' (using password: YES)
ERROR[db.py:__init__:24]:loggingError -> 1045 (28000): Access denied for user 'shivam'@'localhost' (using password: YES)
ERROR[cultures.py:read:241]:{Cultures_Function_Error_101:  {name:K.F.T, deliveryTime:None, components:[], assoicatedNames:[], numberOfParameters:None, preTest:None, price:None, discountPrice:None, pincodesAvailable:['834001'], organs:[], conditions:[], listed:None, homePage:None}}
ERROR[db.py:__init__:24]:loggingError -> 1045 (28000): Access denied for user 'shivam'@'localhost' (using password: YES)
ERROR[db.py:__init__:24]:loggingError -> 1045 (28000): Access denied for user 'shivam'@'localhost' (using password: YES)
ERROR[db.py:__init__:24]:loggingError -> 1045 (28000): Access denied for user 'shivam'@'localhost' (using password: YES)
ERROR[db.py:__init__:24]:loggingError -> 1045 (28000): Access denied for user 'shivam'@'localhost' (using password: YES)
ERROR[cultures.py:read:241]:{Cultures_Function_Error_101:  {name:K.F.T, deliveryTime:None, components:[], assoicatedNames:[], numberOfParameters:None, preTest:None, price:None, discountPrice:None, pincodesAvailable:['834001'], organs:[], conditions:[], listed:None, homePage:None}}
ERROR[db.py:__init__:24]:loggingError -> 1045 (28000): Access denied for user 'shivam'@'localhost' (using password: YES)
ERROR[db.py:__init__:24]:loggingError -> 1045 (28000): Access denied for user 'shivam'@'localhost' (using password: YES)
ERROR[db.py:__init__:24]:loggingError -> 1045 (28000): Access denied for user 'shivam'@'localhost' (using password: YES)
ERROR[db.py:__init__:24]:loggingError -> 1045 (28000): Access denied for user 'shivam'@'localhost' (using password: YES)
ERROR[cultures.py:read:241]:{Cultures_Function_Error_101:  {name:K.F.T, deliveryTime:None, components:[], assoicatedNames:[], numberOfParameters:None, preTest:None, price:None, discountPrice:None, pincodesAvailable:['834001'], organs:[], conditions:[], listed:None, homePage:None}}
INFO[cultures.py:read:231]:{Cultures_Read_Successful:  {'result': True, 'data': [['K.F.T', '1 Day', '["CBC", "RBC"]', '["Kidney Function Test"]', 2, 'Empty Stomach', 800.0, 200.0, '["834001", "834002", "834003"]', '["kidney"]', '["Dibetise"]', 1, 0, 2]]}}
ERROR[db.py:__init__:22]:{db_Connect_Error: {"reason":str(e)}}
ERROR[db.py:__init__:22]:{db_Connect_Error: {"reason":str(e)}}
ERROR[db.py:__init__:22]:{db_Connect_Error: {"reason":str(e)}}
ERROR[db.py:__init__:22]:{db_Connect_Error: {"reason":str(e)}}
ERROR[cultures.py:read:236]:{Cultures_Function_Error_101:  {name:K.F.T, deliveryTime:None, components:[], assoicatedNames:[], numberOfParameters:None, preTest:None, price:None, discountPrice:None, pincodesAvailable:['834001'], organs:[], conditions:[], listed:None, homePage:None}}
ERROR[db.py:__init__:23]:{db_Connect_Error: {"reason":str(e)}}
ERROR[db.py:__init__:23]:{db_Connect_Error: {"reason":str(e)}}
ERROR[db.py:__init__:23]:{db_Connect_Error: {"reason":str(e)}}
ERROR[db.py:__init__:23]:{db_Connect_Error: {"reason":str(e)}}
ERROR[cultures.py:read:236]:{Cultures_Function_Error_101:  {name:K.F.T, deliveryTime:None, components:[], assoicatedNames:[], numberOfParameters:None, preTest:None, price:None, discountPrice:None, pincodesAvailable:['834001'], organs:[], conditions:[], listed:None, homePage:None}}
ERROR[db.py:__init__:25]:{db_Connect_Error: {"reason":str(e)}}
ERROR[db.py:__init__:25]:{db_Connect_Error: {"reason":str(e)}}
ERROR[db.py:__init__:25]:{db_Connect_Error: {"reason":str(e)}}
ERROR[db.py:__init__:25]:{db_Connect_Error: {"reason":str(e)}}
ERROR[cultures.py:read:236]:{Cultures_Function_Error_101:  {name:K.F.T, deliveryTime:None, components:[], assoicatedNames:[], numberOfParameters:None, preTest:None, price:None, discountPrice:None, pincodesAvailable:['834001'], organs:[], conditions:[], listed:None, homePage:None}}
ERROR[db.py:__init__:27]:{db_Connect_Error: {"reason":str(e)}}
ERROR[db.py:__init__:27]:{db_Connect_Error: {"reason":str(e)}}
ERROR[db.py:__init__:27]:{db_Connect_Error: {"reason":str(e)}}
ERROR[db.py:__init__:27]:{db_Connect_Error: {"reason":str(e)}}
ERROR[cultures.py:read:236]:{Cultures_Function_Error_101:  {name:K.F.T, deliveryTime:None, components:[], assoicatedNames:[], numberOfParameters:None, preTest:None, price:None, discountPrice:None, pincodesAvailable:['834001'], organs:[], conditions:[], listed:None, homePage:None}}
ERROR[db.py:__init__:27]:{db_Connect_Error: {"reason":1045 (28000): Access denied for user 'shivam'@'localhost' (using password: YES)}}
ERROR[db.py:__init__:27]:{db_Connect_Error: {"reason":1045 (28000): Access denied for user 'shivam'@'localhost' (using password: YES)}}
ERROR[db.py:__init__:27]:{db_Connect_Error: {"reason":1045 (28000): Access denied for user 'shivam'@'localhost' (using password: YES)}}
ERROR[db.py:__init__:27]:{db_Connect_Error: {"reason":1045 (28000): Access denied for user 'shivam'@'localhost' (using password: YES)}}
ERROR[cultures.py:read:236]:{Cultures_Function_Error_101:  {name:K.F.T, deliveryTime:None, components:[], assoicatedNames:[], numberOfParameters:None, preTest:None, price:None, discountPrice:None, pincodesAvailable:['834001'], organs:[], conditions:[], listed:None, homePage:None}}
ERROR[db.py:__init__:27]:{db_Connect_Error: {"reason":1045 (28000): Access denied for user 'shivam'@'localhost' (using password: YES)}}
ERROR[db.py:__init__:27]:{db_Connect_Error: {"reason":1045 (28000): Access denied for user 'shivam'@'localhost' (using password: YES)}}
ERROR[db.py:__init__:27]:{db_Connect_Error: {"reason":1045 (28000): Access denied for user 'shivam'@'localhost' (using password: YES)}}
ERROR[db.py:__init__:27]:{db_Connect_Error: {"reason":1045 (28000): Access denied for user 'shivam'@'localhost' (using password: YES)}}
ERROR[cultures.py:read:236]:{Cultures_Function_Error_101:  {name:K.F.T, deliveryTime:None, components:[], assoicatedNames:[], numberOfParameters:None, preTest:None, price:None, discountPrice:None, pincodesAvailable:['834001'], organs:[], conditions:[], listed:None, homePage:None}}
